
> calendar-frontend@0.1.0 dev
> vite


  VITE v4.5.14  ready in 706 ms

  ➜  Local:   http://localhost:5173/
  ➜  Network: use --host to expose
2:10:09 AM [vite] vite.config.ts changed, restarting server...
2:10:09 AM [vite] server restarted.

  ➜  Local:   http://localhost:5174/
  ➜  Network: use --host to expose
3:45:05 AM [vite] vite.config.ts changed, restarting server...
3:48:28 AM [vite] vite.config.ts changed, restarting server...
3:49:20 AM [vite] server restarted.
7:10:13 AM [vite] vite.config.ts changed, restarting server...
7:10:24 AM [vite] vite.config.ts changed, restarting server...
7:10:30 AM [vite] server restarted.
8:05:17 AM [vite] vite.config.ts changed, restarting server...
8:05:28 AM [vite] vite.config.ts changed, restarting server...
8:05:34 AM [vite] server restarted.
9:35:16 AM [vite] vite.config.ts changed, restarting server...
9:35:21 AM [vite] vite.config.ts changed, restarting server...
Port 5174 is in use, trying another one...
9:35:28 AM [vite] server restarted.

  ➜  Local:   http://localhost:5175/
  ➜  Network: use --host to expose
10:05:50 AM [vite] vite.config.ts changed, restarting server...
10:06:06 AM [vite] vite.config.ts changed, restarting server...
10:06:12 AM [vite] server restarted.

  ➜  Local:   http://localhost:5174/
  ➜  Network: use --host to expose
10:45:46 AM [vite] vite.config.ts changed, restarting server...
10:45:49 AM [vite] vite.config.ts changed, restarting server...
Port 5174 is in use, trying another one...
10:45:57 AM [vite] server restarted.

  ➜  Local:   http://localhost:5175/
  ➜  Network: use --host to expose
10:57:40 AM [vite] vite.config.ts changed, restarting server...
10:57:48 AM [vite] vite.config.ts changed, restarting server...
10:57:54 AM [vite] server restarted.

  ➜  Local:   http://localhost:5174/
  ➜  Network: use --host to expose
11:02:32 AM [vite] vite.config.ts changed, restarting server...
11:02:39 AM [vite] vite.config.ts changed, restarting server...
11:02:45 AM [vite] server restarted.
11:04:58 AM [vite] vite.config.ts changed, restarting server...
11:04:59 AM [vite] vite.config.ts changed, restarting server...
11:05:05 AM [vite] server restarted.
11:05:21 AM [vite] vite.config.ts changed, restarting server...
11:05:54 AM [vite] vite.config.ts changed, restarting server...
Port 5174 is in use, trying another one...
11:05:57 AM [vite] server restarted.

  ➜  Local:   http://localhost:5175/
  ➜  Network: use --host to expose
11:17:27 AM [vite] vite.config.ts changed, restarting server...
11:17:32 AM [vite] vite.config.ts changed, restarting server...
Port 5174 is in use, trying another one...
11:17:39 AM [vite] server restarted.

  ➜  Local:   http://localhost:5175/
  ➜  Network: use --host to expose
11:29:26 AM [vite] vite.config.ts changed, restarting server...
11:29:33 AM [vite] vite.config.ts changed, restarting server...
11:29:40 AM [vite] server restarted.

  ➜  Local:   http://localhost:5174/
  ➜  Network: use --host to expose
11:38:46 AM [vite] vite.config.ts changed, restarting server...
11:38:55 AM [vite] vite.config.ts changed, restarting server...
11:39:01 AM [vite] server restarted.
11:42:55 AM [vite] vite.config.ts changed, restarting server...
11:43:05 AM [vite] vite.config.ts changed, restarting server...
11:43:09 AM [vite] server restarted.
11:44:51 AM [vite] vite.config.ts changed, restarting server...
11:44:59 AM [vite] vite.config.ts changed, restarting server...
11:45:03 AM [vite] server restarted.
11:49:16 AM [vite] vite.config.ts changed, restarting server...
11:49:55 AM [vite] vite.config.ts changed, restarting server...
11:50:02 AM [vite] server restarted.
11:50:35 AM [vite] vite.config.ts changed, restarting server...
11:50:43 AM [vite] vite.config.ts changed, restarting server...
11:50:43 AM [vite] vite.config.ts changed, restarting server...
11:50:48 AM [vite] server restarted.
11:55:45 AM [vite] vite.config.ts changed, restarting server...
11:55:54 AM [vite] vite.config.ts changed, restarting server...
11:56:02 AM [vite] server restarted.
11:56:04 AM [vite] vite.config.ts changed, restarting server...
11:56:10 AM [vite] vite.config.ts changed, restarting server...
Port 5174 is in use, trying another one...
11:56:16 AM [vite] server restarted.

  ➜  Local:   http://localhost:5175/
  ➜  Network: use --host to expose
12:01:19 PM [vite] vite.config.ts changed, restarting server...
12:01:23 PM [vite] vite.config.ts changed, restarting server...
12:01:30 PM [vite] server restarted.

  ➜  Local:   http://localhost:5174/
  ➜  Network: use --host to expose
12:01:48 PM [vite] vite.config.ts changed, restarting server...
12:02:30 PM [vite] vite.config.ts changed, restarting server...
12:02:37 PM [vite] server restarted.
12:07:25 PM [vite] vite.config.ts changed, restarting server...
12:07:37 PM [vite] vite.config.ts changed, restarting server...
12:07:37 PM [vite] vite.config.ts changed, restarting server...
12:07:44 PM [vite] vite.config.ts changed, restarting server...
12:07:45 PM [vite] server restarted.
12:07:49 PM [vite] vite.config.ts changed, restarting server...
Port 5174 is in use, trying another one...
12:07:53 PM [vite] server restarted.

  ➜  Local:   http://localhost:5175/
  ➜  Network: use --host to expose
12:12:58 PM [vite] vite.config.ts changed, restarting server...
12:13:15 PM [vite] vite.config.ts changed, restarting server...
12:13:50 PM [vite] vite.config.ts changed, restarting server...
Port 5174 is in use, trying another one...
12:13:56 PM [vite] server restarted.

  ➜  Local:   http://localhost:5175/
  ➜  Network: use --host to expose
12:15:22 PM [vite] vite.config.ts changed, restarting server...
Port 5174 is in use, trying another one...
12:15:24 PM [vite] server restarted.

  ➜  Local:   http://localhost:5175/
  ➜  Network: use --host to expose
12:18:41 PM [vite] vite.config.ts changed, restarting server...
12:18:54 PM [vite] vite.config.ts changed, restarting server...
Port 5174 is in use, trying another one...
12:19:01 PM [vite] server restarted.

  ➜  Local:   http://localhost:5175/
  ➜  Network: use --host to expose
12:19:03 PM [vite] vite.config.ts changed, restarting server...
12:19:09 PM [vite] vite.config.ts changed, restarting server...
12:19:15 PM [vite] server restarted.

  ➜  Local:   http://localhost:5174/
  ➜  Network: use --host to expose
12:19:20 PM [vite] vite.config.ts changed, restarting server...
12:19:58 PM [vite] vite.config.ts changed, restarting server...
Port 5174 is in use, trying another one...
12:20:03 PM [vite] server restarted.

  ➜  Local:   http://localhost:5175/
  ➜  Network: use --host to expose
12:24:35 PM [vite] vite.config.ts changed, restarting server...
12:24:45 PM [vite] vite.config.ts changed, restarting server...
Port 5174 is in use, trying another one...
12:24:52 PM [vite] server restarted.

  ➜  Local:   http://localhost:5175/
  ➜  Network: use --host to expose
12:24:58 PM [vite] vite.config.ts changed, restarting server...
12:25:03 PM [vite] vite.config.ts changed, restarting server...
12:25:08 PM [vite] server restarted.

  ➜  Local:   http://localhost:5174/
  ➜  Network: use --host to expose
12:30:43 PM [vite] vite.config.ts changed, restarting server...
12:30:55 PM [vite] vite.config.ts changed, restarting server...
Port 5174 is in use, trying another one...
12:31:02 PM [vite] server restarted.

  ➜  Local:   http://localhost:5175/
  ➜  Network: use --host to expose
12:31:04 PM [vite] vite.config.ts changed, restarting server...
12:31:12 PM [vite] vite.config.ts changed, restarting server...
Port 5174 is in use, trying another one...
12:31:17 PM [vite] server restarted.

  ➜  Local:   http://localhost:5175/
  ➜  Network: use --host to expose
12:36:15 PM [vite] vite.config.ts changed, restarting server...
12:36:32 PM [vite] vite.config.ts changed, restarting server...
Port 5174 is in use, trying another one...
12:36:37 PM [vite] server restarted.

  ➜  Local:   http://localhost:5175/
  ➜  Network: use --host to expose
12:36:44 PM [vite] vite.config.ts changed, restarting server...
12:36:51 PM [vite] vite.config.ts changed, restarting server...
12:36:56 PM [vite] server restarted.

  ➜  Local:   http://localhost:5174/
  ➜  Network: use --host to expose
12:41:59 PM [vite] vite.config.ts changed, restarting server...
12:42:12 PM [vite] vite.config.ts changed, restarting server...
Port 5174 is in use, trying another one...
12:42:19 PM [vite] server restarted.

  ➜  Local:   http://localhost:5175/
  ➜  Network: use --host to expose
12:42:29 PM [vite] vite.config.ts changed, restarting server...
12:42:33 PM [vite] vite.config.ts changed, restarting server...
12:42:36 PM [vite] vite.config.ts changed, restarting server...
Port 5174 is in use, trying another one...
12:42:41 PM [vite] server restarted.

  ➜  Local:   http://localhost:5175/
  ➜  Network: use --host to expose
12:45:36 PM [vite] vite.config.ts changed, restarting server...
12:45:40 PM [vite] server restarted.

  ➜  Local:   http://localhost:5174/
  ➜  Network: use --host to expose
12:48:29 PM [vite] vite.config.ts changed, restarting server...
12:48:56 PM [vite] vite.config.ts changed, restarting server...
12:49:08 PM [vite] server restarted.
12:50:29 PM [vite] vite.config.ts changed, restarting server...
12:50:57 PM [vite] vite.config.ts changed, restarting server...
12:51:07 PM [vite] server restarted.
12:57:54 PM [vite] vite.config.ts changed, restarting server...
12:58:33 PM [vite] vite.config.ts changed, restarting server...
12:58:33 PM [vite] vite.config.ts changed, restarting server...
12:58:43 PM [vite] server restarted.
12:59:29 PM [vite] vite.config.ts changed, restarting server...
1:00:14 PM [vite] vite.config.ts changed, restarting server...
Port 5174 is in use, trying another one...
1:00:21 PM [vite] server restarted.

  ➜  Local:   http://localhost:5175/
  ➜  Network: use --host to expose
